C51 COMPILER V9.59.0.0   BOOTH                                                             04/05/2020 23:31:50 PAGE 1   


C51 COMPILER V9.59.0.0, COMPILATION OF MODULE BOOTH
OBJECT MODULE PLACED IN ..\output\booth.obj
COMPILER INVOKED BY: E:\keil51\C51\BIN\C51.EXE ..\user\booth.c OPTIMIZE(8,SPEED) BROWSE INCDIR(..\inc;..\user) DEBUG OBJ
                    -ECTEXTEND PRINT(.\Listings\booth.lst) TABS(2) OBJECT(..\output\booth.obj)

line level    source

*** WARNING C500 IN LINE 1 OF ..\user\booth.c: LICENSE ERROR (R207(3): REGISTRY READ ERROR)

   1          #include "Btooth.h"
   2          /*******************************************************************************
   3          * 函 数 名         : BtoohInit
   4          * 函数功能         : 初始化蓝牙串口通信
   5          * 输    入         : 无
   6          * 输    出         : 无
   7          *******************************************************************************/
   8          void BtoohInit()
   9          {
  10   1          TMOD = 0x21;//设定定时器1工作方式2，定时器1工作在方式1
  11   1          SCON = 0x50;//设置UART工作在方式1，并允许串口接收
  12   1          TH1 = 0xFD;//11.059MHZ晶振下的波特率为9600
  13   1          TL1 = TH1;//T1定时器装初值
  14   1          PCON = 0x00;//波特率不加倍
  15   1          EA = 1;//开启总中断
  16   1          ES = 1;//开串口中断
  17   1          TR1 = 1;//启用T1定时器
  18   1      }
  19          /************************************
  20          
  21          
  22          *******************************************
  23          * 函 数 名         : SendStr
  24          * 函数功能         : 发送一个字符串
  25          * 输    入         : 字符串S的首地址
  26          * 输    出         : 无
  27          *******************************************************************************/
  28          void SendStr(uchar *s)
  29          {
  30   1      while(*s!='\0')//收到结束符\0跳出循环
  31   1      {
  32   2      Send_rt(*s);//发送S地址里面的字符
  33   2      s++;//S地址加一，发送下一个字符
  34   2      }
  35   1      }
  36          /*******************************************************************************
  37          * 函 数 名         : Send_rt
  38          * 函数功能         : 发送一个字符
  39          * 输    入         : 字符串c
  40          * 输    出         : 无
  41          *******************************************************************************/
  42          void Send_rt(uchar c)
  43          {
  44   1        
  45   1            SBUF=c;//字符c放到SBUF寄存器，发送字符c
  46   1            while(TI!=1);//等待发送完毕
  47   1              TI=0;//清除TI中断标志位
  48   1      }
  49          /*串口中断程序在主函数main*/


MODULE INFORMATION:   STATIC OVERLAYABLE
   CODE SIZE        =     65    ----
C51 COMPILER V9.59.0.0   BOOTH                                                             04/05/2020 23:31:50 PAGE 2   

   CONSTANT SIZE    =   ----    ----
   XDATA SIZE       =   ----    ----
   PDATA SIZE       =   ----    ----
   DATA SIZE        =   ----       3
   IDATA SIZE       =   ----    ----
   BIT SIZE         =   ----    ----
END OF MODULE INFORMATION.


C51 COMPILATION COMPLETE.  1 WARNING(S),  0 ERROR(S)
